SF:lib/modules/authentication/data/repositories/auth_repository.dart
DA:19,3
DA:26,0
DA:29,0
DA:32,0
DA:35,0
DA:39,0
DA:40,0
DA:45,0
DA:47,0
DA:50,0
DA:51,0
DA:55,0
DA:58,0
DA:59,0
DA:60,0
DA:65,0
DA:68,0
DA:70,0
DA:71,0
DA:72,0
DA:73,0
DA:74,0
DA:76,0
DA:77,0
DA:84,0
DA:87,0
DA:89,0
DA:90,0
DA:91,0
DA:92,0
DA:93,0
DA:95,0
DA:96,0
DA:103,0
DA:105,0
DA:106,0
DA:107,0
DA:108,0
DA:109,0
DA:110,0
DA:112,0
DA:113,0
DA:120,0
DA:123,0
DA:127,0
DA:130,0
DA:131,0
DA:132,0
DA:136,0
DA:137,0
DA:138,0
DA:139,0
DA:140,0
DA:141,0
DA:143,0
DA:144,0
DA:151,0
DA:153,0
DA:154,0
DA:155,0
DA:156,0
DA:157,0
DA:158,0
DA:160,0
DA:161,0
DA:168,0
DA:170,0
DA:171,0
DA:174,0
DA:175,0
DA:176,0
DA:177,0
DA:178,0
DA:179,0
DA:181,0
DA:182,0
DA:189,0
DA:194,0
DA:197,0
DA:198,0
DA:199,0
DA:200,0
DA:201,0
DA:202,0
DA:204,0
DA:205,0
DA:212,0
DA:214,0
DA:215,0
DA:216,0
DA:217,0
DA:218,0
DA:219,0
DA:220,0
DA:221,0
DA:223,0
DA:224,0
LF:97
LH:1
end_of_record
SF:lib/modules/authentication/presenter/register/controllers/register_controller.dart
DA:14,0
DA:29,0
DA:32,0
DA:34,0
DA:39,0
DA:41,0
DA:46,0
DA:47,0
DA:54,0
DA:57,0
DA:58,0
DA:59,0
DA:63,0
DA:64,0
DA:65,0
DA:66,0
DA:67,0
DA:68,0
DA:69,0
DA:73,0
DA:74,0
DA:77,0
DA:80,0
DA:84,0
DA:87,0
LF:25
LH:0
end_of_record
SF:lib/l10n/app_localizations.dart
DA:66,1
DA:67,2
DA:71,1
DA:72,1
DA:490,1
DA:492,1
DA:494,2
DA:497,1
DA:499,3
DA:501,0
DA:505,1
DA:507,1
DA:508,1
DA:509,0
DA:510,1
DA:511,1
DA:512,0
DA:513,0
DA:516,0
LF:19
LH:14
end_of_record
SF:lib/modules/authentication/presenter/register/widgets/register_form.dart
DA:15,3
DA:17,1
DA:19,3
DA:21,1
DA:22,1
DA:23,1
DA:25,1
DA:27,1
DA:28,1
DA:30,1
DA:31,1
DA:32,1
DA:33,1
DA:34,0
DA:36,2
DA:41,1
DA:44,1
DA:45,1
DA:46,1
DA:47,1
DA:48,0
DA:50,2
DA:54,2
DA:57,1
DA:58,1
DA:59,1
DA:60,0
DA:62,2
DA:63,2
DA:66,1
DA:67,1
DA:68,1
DA:69,0
DA:71,2
DA:72,2
DA:75,1
DA:76,1
DA:77,1
DA:78,0
DA:80,2
DA:81,2
DA:84,1
DA:85,2
DA:86,1
DA:87,1
DA:88,0
DA:89,2
DA:91,2
DA:92,1
DA:93,0
DA:94,3
DA:96,2
DA:100,1
DA:101,1
DA:102,1
DA:105,1
DA:106,2
DA:107,1
DA:108,2
DA:109,0
DA:112,2
DA:113,1
DA:114,2
DA:115,2
DA:117,1
DA:118,3
DA:119,2
DA:122,2
DA:125,1
DA:126,1
DA:127,2
DA:128,2
DA:129,2
LF:73
LH:65
end_of_record
SF:lib/commons/style/shadow.dart
DA:9,0
DA:10,0
DA:17,0
DA:18,0
LF:4
LH:0
end_of_record
SF:lib/core/constants/colors.dart
DA:21,0
DA:49,0
DA:50,0
DA:51,0
DA:52,0
DA:54,0
DA:55,0
DA:57,0
DA:58,0
DA:59,0
DA:60,0
DA:61,0
DA:62,0
DA:66,0
LF:14
LH:0
end_of_record
SF:lib/core/extensions/color.dart
DA:8,0
DA:11,0
DA:14,0
DA:17,0
DA:20,0
DA:21,0
DA:23,0
DA:24,0
DA:25,0
DA:28,0
DA:30,0
DA:32,0
DA:33,0
DA:34,0
DA:37,0
DA:38,0
DA:39,0
DA:40,0
DA:41,0
DA:44,0
DA:45,0
DA:46,0
DA:47,0
DA:49,0
DA:52,0
DA:53,0
DA:54,0
DA:56,0
DA:57,0
DA:58,0
LF:30
LH:0
end_of_record
SF:lib/core/constants/images_string.dart
DA:3,0
LF:1
LH:0
end_of_record
SF:lib/core/extensions/context.dart
DA:22,2
DA:25,0
DA:28,0
DA:31,2
DA:34,3
DA:37,0
DA:40,0
DA:43,0
DA:46,0
DA:49,0
DA:52,0
DA:55,0
DA:58,0
DA:61,0
DA:63,0
DA:64,0
DA:66,0
DA:70,0
DA:74,0
DA:78,0
DA:85,0
DA:86,0
DA:87,0
DA:88,0
DA:89,0
DA:91,0
DA:94,0
DA:95,0
DA:96,0
DA:97,0
DA:98,0
DA:99,0
DA:100,0
DA:101,0
DA:102,0
LF:35
LH:3
end_of_record
SF:lib/modules/responsive/domain/breakpoints.dart
DA:2,0
DA:4,0
DA:5,0
DA:6,0
DA:7,0
LF:5
LH:0
end_of_record
SF:lib/core/extensions/widget.dart
DA:6,2
DA:12,0
DA:21,0
DA:24,0
DA:27,2
DA:28,1
DA:29,1
DA:30,1
DA:32,0
DA:35,0
DA:38,0
DA:41,0
DA:44,0
DA:47,0
DA:50,3
DA:53,3
DA:56,3
DA:64,0
DA:70,0
DA:73,0
DA:76,0
DA:79,0
DA:82,0
DA:85,0
DA:91,0
DA:94,0
DA:95,0
DA:98,0
DA:99,0
DA:102,0
DA:103,0
DA:109,0
DA:110,0
DA:111,0
DA:112,0
DA:113,0
DA:120,0
DA:123,0
DA:124,0
DA:125,0
DA:132,0
DA:134,0
LF:42
LH:8
end_of_record
SF:lib/l10n/app_localizations_de.dart
DA:9,0
DA:11,0
DA:14,0
DA:17,0
DA:20,0
DA:23,0
DA:26,0
DA:29,0
DA:33,0
DA:37,0
DA:41,0
DA:44,0
DA:47,0
DA:51,0
DA:54,0
DA:57,0
DA:60,0
DA:63,0
DA:66,0
DA:69,0
DA:72,0
DA:75,0
DA:78,0
DA:81,0
DA:84,0
DA:87,0
DA:90,0
DA:93,0
DA:96,0
DA:99,0
DA:102,0
DA:105,0
DA:108,0
DA:111,0
DA:115,0
DA:119,0
DA:122,0
DA:125,0
DA:128,0
DA:132,0
DA:135,0
DA:139,0
DA:142,0
DA:145,0
DA:149,0
DA:152,0
DA:155,0
DA:158,0
DA:161,0
DA:164,0
DA:167,0
DA:170,0
DA:173,0
DA:176,0
DA:179,0
DA:182,0
DA:184,0
DA:187,0
DA:190,0
DA:193,0
DA:196,0
DA:200,0
DA:203,0
DA:207,0
DA:211,0
DA:215,0
LF:66
LH:0
end_of_record
SF:lib/l10n/app_localizations_en.dart
DA:9,2
DA:11,0
DA:14,0
DA:17,0
DA:20,0
DA:23,0
DA:26,0
DA:29,0
DA:33,0
DA:37,0
DA:41,0
DA:44,0
DA:47,0
DA:51,1
DA:54,1
DA:57,0
DA:60,0
DA:63,0
DA:66,0
DA:69,0
DA:72,0
DA:75,1
DA:78,1
DA:81,1
DA:84,1
DA:87,1
DA:90,1
DA:93,1
DA:96,0
DA:99,1
DA:102,1
DA:105,0
DA:108,0
DA:111,0
DA:115,0
DA:119,0
DA:122,0
DA:125,0
DA:128,0
DA:132,0
DA:135,0
DA:139,0
DA:142,0
DA:145,0
DA:149,0
DA:152,0
DA:155,0
DA:158,0
DA:161,0
DA:164,0
DA:167,0
DA:170,0
DA:173,0
DA:176,0
DA:179,0
DA:182,0
DA:184,0
DA:187,0
DA:190,0
DA:193,0
DA:196,0
DA:200,0
DA:203,0
DA:206,0
DA:210,0
DA:214,0
LF:66
LH:12
end_of_record
SF:lib/l10n/app_localizations_fr.dart
DA:9,0
DA:11,0
DA:14,0
DA:17,0
DA:20,0
DA:23,0
DA:26,0
DA:29,0
DA:33,0
DA:37,0
DA:41,0
DA:44,0
DA:47,0
DA:51,0
DA:54,0
DA:57,0
DA:60,0
DA:63,0
DA:66,0
DA:69,0
DA:72,0
DA:75,0
DA:78,0
DA:81,0
DA:84,0
DA:87,0
DA:90,0
DA:93,0
DA:96,0
DA:99,0
DA:102,0
DA:105,0
DA:108,0
DA:111,0
DA:115,0
DA:119,0
DA:122,0
DA:125,0
DA:128,0
DA:132,0
DA:135,0
DA:139,0
DA:142,0
DA:145,0
DA:149,0
DA:152,0
DA:155,0
DA:158,0
DA:161,0
DA:164,0
DA:167,0
DA:170,0
DA:173,0
DA:176,0
DA:179,0
DA:182,0
DA:184,0
DA:187,0
DA:190,0
DA:193,0
DA:196,0
DA:200,0
DA:203,0
DA:207,0
DA:211,0
DA:215,0
LF:66
LH:0
end_of_record
SF:lib/modules/app_settings/address/address.dart
DA:13,1
DA:15,0
DA:17,0
DA:20,0
DA:21,0
DA:24,0
DA:25,0
DA:26,0
LF:8
LH:1
end_of_record
SF:lib/widgets/appbar/appbar.dart
DA:20,12
DA:29,0
DA:32,0
DA:34,0
DA:36,0
DA:37,0
DA:38,0
DA:39,0
DA:40,0
DA:42,0
DA:43,0
DA:45,0
DA:46,0
DA:50,0
DA:51,0
LF:15
LH:1
end_of_record
SF:lib/widgets/texts/title.dart
DA:10,11
DA:17,0
DA:19,0
DA:20,0
DA:21,0
DA:24,0
DA:25,0
LF:7
LH:1
end_of_record
SF:lib/modules/app_settings/address/widgets/add_neu_address.dart
DA:12,1
DA:14,0
DA:16,0
DA:19,0
DA:20,0
DA:21,0
DA:22,0
DA:23,0
DA:24,0
DA:28,0
DA:31,0
DA:32,0
DA:33,0
DA:37,0
DA:43,0
DA:44,0
DA:45,0
DA:49,0
DA:55,0
DA:60,0
DA:61,0
LF:21
LH:1
end_of_record
SF:lib/modules/app_settings/address/widgets/single_address.dart
DA:13,1
DA:15,0
DA:17,0
DA:18,0
DA:21,0
DA:22,0
DA:25,0
DA:26,0
DA:27,0
DA:28,0
DA:30,0
DA:33,0
DA:34,0
DA:35,0
DA:40,0
DA:42,0
DA:43,0
DA:45,0
DA:49,0
DA:52,0
DA:55,0
DA:57,0
LF:22
LH:1
end_of_record
SF:lib/widgets/buttons/primary.dart
DA:14,1
DA:27,1
DA:29,1
DA:30,1
DA:31,1
DA:32,1
DA:33,1
DA:34,2
DA:35,1
DA:36,1
DA:37,1
DA:39,1
DA:40,3
LF:13
LH:13
end_of_record
SF:lib/widgets/fields/primary.dart
DA:16,2
DA:28,1
DA:30,1
DA:31,1
DA:32,1
DA:33,1
DA:34,1
DA:35,1
DA:36,2
DA:37,1
DA:38,1
DA:39,1
DA:41,2
LF:13
LH:13
end_of_record
SF:lib/widgets/containers/rounded_container.dart
DA:14,0
DA:27,0
DA:29,0
DA:30,0
DA:31,0
DA:32,0
DA:33,0
DA:34,0
DA:35,0
DA:36,0
DA:37,0
DA:38,0
LF:12
LH:0
end_of_record
SF:lib/modules/app_settings/controllers/user_controller.dart
DA:21,0
DA:33,0
DA:35,0
DA:36,0
DA:40,0
DA:42,0
DA:43,0
DA:44,0
DA:46,0
DA:48,0
DA:53,0
DA:57,0
DA:60,0
DA:61,0
DA:62,0
DA:63,0
DA:64,0
DA:65,0
DA:66,0
DA:67,0
DA:72,0
DA:76,0
DA:81,0
DA:82,0
DA:83,0
DA:87,0
DA:91,0
DA:93,0
DA:95,0
DA:101,0
DA:106,0
DA:107,0
DA:108,0
DA:109,0
DA:111,0
DA:112,0
DA:113,0
DA:114,0
DA:115,0
DA:116,0
DA:117,0
DA:121,0
DA:122,0
DA:127,0
DA:133,0
DA:135,0
DA:140,0
DA:141,0
DA:143,0
DA:148,0
DA:149,0
DA:150,0
DA:154,0
DA:157,0
DA:160,0
DA:162,0
DA:163,0
DA:168,0
DA:171,0
DA:174,0
DA:182,0
DA:186,0
DA:187,0
DA:190,0
DA:193,0
DA:198,0
DA:201,0
LF:67
LH:0
end_of_record
SF:lib/utilities/helpers/network_manager.dart
DA:11,0
DA:18,0
DA:20,0
DA:21,0
DA:25,0
DA:26,0
DA:27,0
DA:28,0
DA:34,0
DA:36,0
DA:37,0
DA:42,0
DA:48,0
DA:50,0
DA:51,0
LF:15
LH:0
end_of_record
SF:lib/utilities/popups/full_screen_loader.dart
DA:10,0
DA:11,0
DA:16,0
DA:19,0
DA:21,0
DA:22,0
DA:25,0
DA:26,0
DA:27,0
DA:29,0
DA:39,0
DA:40,0
DA:44,0
LF:13
LH:0
end_of_record
SF:lib/utilities/popups/loaders.dart
DA:10,0
DA:11,0
DA:13,0
DA:16,0
DA:18,0
DA:19,0
DA:34,0
DA:35,0
DA:41,0
DA:50,0
DA:51,0
DA:57,0
DA:66,0
DA:67,0
DA:73,0
DA:82,0
DA:83,0
LF:17
LH:0
end_of_record
SF:lib/widgets/buttons/secondary.dart
DA:15,0
DA:27,0
DA:29,0
DA:30,0
DA:31,0
DA:33,0
DA:34,0
DA:35,0
LF:8
LH:0
end_of_record
SF:lib/modules/authentication/data/models/user/user.dart
DA:11,1
DA:24,0
DA:27,0
DA:30,0
DA:33,0
DA:44,0
DA:45,0
DA:46,0
DA:47,0
DA:49,0
DA:54,0
DA:57,0
DA:58,0
DA:61,0
DA:62,0
DA:63,0
DA:64,0
DA:65,0
DA:66,0
DA:67,0
DA:68,0
DA:71,0
LF:22
LH:1
end_of_record
SF:lib/modules/authentication/data/models/user/user.g.dart
DA:9,0
DA:10,0
DA:11,0
DA:12,0
DA:13,0
DA:14,0
DA:15,0
DA:16,0
DA:19,0
DA:20,0
DA:21,0
DA:22,0
DA:23,0
DA:24,0
DA:25,0
DA:26,0
DA:27,0
LF:17
LH:0
end_of_record
SF:lib/modules/authentication/presenter/login/pages/login_screen.dart
DA:16,4
DA:18,0
DA:20,0
DA:22,0
DA:23,0
DA:24,0
DA:26,0
DA:29,0
DA:32,0
DA:36,0
DA:39,0
DA:40,0
DA:41,0
DA:44,0
DA:46,0
DA:48,0
DA:50,0
DA:51,0
DA:54,0
DA:56,0
DA:59,0
LF:21
LH:1
end_of_record
SF:lib/modules/app_settings/data/repository/user_repository.dart
DA:16,0
DA:23,0
DA:25,0
DA:26,0
DA:27,0
DA:28,0
DA:30,0
DA:31,0
DA:38,0
DA:40,0
DA:41,0
DA:42,0
DA:43,0
DA:45,0
DA:46,0
DA:48,0
DA:50,0
DA:51,0
DA:52,0
DA:54,0
DA:55,0
DA:62,0
DA:64,0
DA:65,0
DA:66,0
DA:67,0
DA:68,0
DA:69,0
DA:70,0
DA:72,0
DA:73,0
DA:80,0
DA:82,0
DA:88,0
DA:89,0
DA:90,0
DA:91,0
DA:93,0
DA:94,0
DA:101,0
DA:103,0
DA:104,0
DA:105,0
DA:106,0
DA:108,0
DA:109,0
DA:116,0
DA:121,0
DA:123,0
DA:125,0
DA:127,0
DA:128,0
DA:129,0
DA:131,0
DA:132,0
DA:134,0
LF:56
LH:0
end_of_record
SF:lib/modules/app_settings/profile/widgets/re_auth_user_login.dart
DA:16,1
DA:18,0
DA:20,0
DA:21,0
DA:26,0
DA:27,0
DA:29,0
DA:31,0
DA:33,0
DA:34,0
DA:35,0
DA:36,0
DA:38,0
DA:39,0
DA:40,0
DA:42,0
DA:43,0
DA:46,0
DA:47,0
DA:48,0
DA:49,0
DA:50,0
DA:52,0
DA:53,0
DA:54,0
DA:55,0
DA:57,0
DA:61,0
DA:64,0
DA:66,0
LF:30
LH:1
end_of_record
SF:lib/utilities/exceptions/firebase_exceptions.dart
DA:7,0
DA:10,0
DA:11,0
DA:12,0
DA:14,0
DA:16,0
DA:18,0
DA:20,0
DA:22,0
DA:24,0
DA:26,0
DA:28,0
DA:30,0
DA:32,0
DA:34,0
DA:36,0
DA:38,0
DA:40,0
DA:42,0
DA:44,0
DA:46,0
DA:48,0
DA:50,0
DA:52,0
DA:54,0
DA:56,0
DA:58,0
DA:60,0
DA:62,0
DA:64,0
DA:66,0
DA:68,0
DA:70,0
DA:72,0
DA:74,0
DA:76,0
DA:78,0
DA:80,0
DA:82,0
DA:84,0
DA:86,0
DA:88,0
DA:90,0
DA:92,0
DA:94,0
LF:45
LH:0
end_of_record
SF:lib/utilities/exceptions/format_exceptions.dart
DA:7,4
DA:10,0
DA:11,0
DA:15,0
DA:18,0
DA:20,0
DA:22,0
DA:24,0
DA:26,0
DA:28,0
DA:30,0
LF:11
LH:1
end_of_record
SF:lib/utilities/exceptions/platform_exceptions.dart
DA:5,0
DA:7,0
DA:8,0
DA:9,0
DA:11,0
DA:13,0
DA:15,0
DA:17,0
DA:19,0
DA:21,0
DA:23,0
DA:25,0
DA:27,0
DA:29,0
DA:31,0
DA:33,0
DA:35,0
LF:17
LH:0
end_of_record
SF:lib/modules/app_settings/profile/profile.dart
DA:16,1
DA:18,0
DA:20,0
DA:22,0
DA:26,0
DA:27,0
DA:29,0
DA:30,0
DA:32,0
DA:35,0
DA:38,0
DA:39,0
DA:41,0
DA:42,0
DA:44,0
DA:45,0
DA:47,0
DA:52,0
DA:55,0
DA:56,0
DA:58,0
DA:59,0
DA:61,0
DA:63,0
DA:65,0
DA:66,0
DA:68,0
DA:76,0
DA:79,0
DA:81,0
LF:30
LH:1
end_of_record
SF:lib/widgets/buttons/tertiary.dart
DA:9,0
DA:17,0
DA:19,0
DA:20,0
DA:21,0
DA:22,0
DA:23,0
LF:7
LH:0
end_of_record
SF:lib/widgets/list_tiles/profile_menu.dart
DA:13,1
DA:21,0
DA:23,0
DA:24,0
DA:29,0
DA:30,0
DA:31,0
DA:32,0
DA:35,0
LF:9
LH:1
end_of_record
SF:lib/widgets/texts/section_header.dart
DA:13,6
DA:23,0
DA:25,0
DA:27,0
DA:28,0
DA:29,0
DA:32,0
DA:34,0
DA:35,0
DA:36,0
DA:37,0
DA:39,0
LF:12
LH:1
end_of_record
SF:lib/modules/app_settings/profile/widgets/profile_picture.dart
DA:13,0
DA:15,0
DA:17,0
DA:18,0
DA:19,0
DA:20,0
DA:21,0
DA:22,0
DA:24,0
DA:25,0
DA:26,0
DA:28,0
DA:30,0
DA:35,0
DA:41,0
DA:43,0
LF:16
LH:0
end_of_record
SF:lib/widgets/images/circular.dart
DA:18,1
DA:31,0
DA:33,0
DA:34,0
DA:35,0
DA:36,0
DA:37,0
DA:38,0
DA:41,0
DA:42,0
DA:43,0
DA:44,0
DA:45,0
DA:46,0
DA:47,0
DA:48,0
DA:49,0
DA:50,0
DA:53,0
DA:54,0
DA:55,0
DA:56,0
DA:57,0
DA:58,0
DA:59,0
LF:25
LH:1
end_of_record
SF:lib/widgets/loaders/shimmer_effects.dart
DA:11,3
DA:19,0
DA:21,0
DA:22,0
DA:23,0
DA:24,0
DA:25,0
DA:26,0
DA:27,0
LF:9
LH:1
end_of_record
SF:lib/utilities/validators/validator.dart
DA:8,0
DA:9,0
DA:10,0
DA:17,0
DA:18,0
DA:19,0
DA:23,0
DA:25,0
DA:26,0
DA:32,0
DA:33,0
DA:34,0
DA:38,0
DA:39,0
DA:43,0
DA:44,0
DA:48,0
DA:49,0
DA:53,0
DA:54,0
DA:60,0
DA:61,0
DA:62,0
DA:66,0
DA:68,0
DA:69,0
LF:26
LH:0
end_of_record
SF:lib/modules/app_settings/profile/widgets/user_profile_card.dart
DA:13,1
DA:15,0
DA:17,0
DA:19,0
DA:27,0
DA:28,0
DA:29,0
DA:31,0
LF:8
LH:1
end_of_record
SF:lib/modules/app_settings/settings/settings.dart
DA:19,1
DA:21,0
DA:23,0
DA:24,0
DA:25,0
DA:26,0
DA:41,0
DA:43,0
DA:44,0
DA:47,0
DA:50,0
DA:54,0
DA:56,0
DA:60,0
DA:85,0
DA:92,0
DA:97,0
DA:99,0
DA:104,0
DA:106,0
DA:111,0
DA:114,0
DA:117,0
DA:118,0
DA:119,0
DA:120,0
LF:26
LH:1
end_of_record
SF:lib/widgets/clippers/clipper.dart
DA:12,1
DA:18,0
DA:20,0
DA:21,0
DA:22,0
LF:5
LH:1
end_of_record
SF:lib/widgets/list_tiles/settings_menu.dart
DA:13,1
DA:22,0
DA:24,0
DA:26,0
DA:27,0
DA:28,0
DA:32,0
DA:33,0
DA:34,0
DA:35,0
DA:37,0
LF:11
LH:1
end_of_record
SF:lib/modules/shop/orders/orders_screen.dart
DA:10,1
DA:12,0
DA:14,0
DA:16,0
DA:17,0
LF:5
LH:1
end_of_record
SF:lib/utilities/formatter/formatter.dart
DA:4,0
DA:5,0
DA:6,0
DA:9,0
DA:10,0
DA:13,0
DA:15,0
DA:16,0
DA:17,0
DA:18,0
DA:26,0
DA:28,0
DA:31,0
DA:32,0
DA:35,0
DA:36,0
DA:39,0
DA:41,0
DA:45,0
DA:46,0
DA:48,0
DA:49,0
DA:54,0
LF:23
LH:0
end_of_record
SF:lib/navigation_menu.dart
DA:9,3
DA:11,0
DA:13,0
DA:15,0
DA:16,0
DA:17,0
DA:18,0
DA:19,0
DA:20,0
DA:21,0
DA:22,0
DA:23,0
DA:24,0
DA:28,0
LF:14
LH:1
end_of_record
SF:lib/utilities/exceptions/firebase_auth_exceptions.dart
DA:7,0
DA:10,0
DA:11,0
DA:12,0
DA:14,0
DA:16,0
DA:18,0
DA:20,0
DA:23,0
DA:25,0
DA:27,0
DA:29,0
DA:31,0
DA:33,0
DA:35,0
DA:37,0
DA:39,0
DA:41,0
DA:43,0
DA:45,0
DA:47,0
DA:49,0
DA:51,0
DA:53,0
DA:55,0
DA:57,0
DA:59,0
DA:61,0
DA:63,0
DA:65,0
DA:67,0
DA:69,0
DA:71,0
DA:73,0
DA:75,0
DA:77,0
DA:79,0
DA:81,0
DA:84,0
DA:86,0
DA:89,0
DA:91,0
DA:93,0
DA:95,0
LF:44
LH:0
end_of_record
SF:lib/modules/authentication/presenter/onboarding/pages/onboarding_screen.dart
DA:13,1
DA:15,0
DA:17,0
DA:19,0
DA:20,0
DA:21,0
DA:23,0
DA:24,0
DA:25,0
DA:26,0
DA:27,0
DA:29,0
DA:30,0
DA:32,0
DA:34,0
DA:35,0
DA:37,0
DA:39,0
DA:40,0
DA:46,0
DA:49,0
DA:52,0
LF:22
LH:1
end_of_record
SF:lib/modules/authentication/presenter/register/widgets/verification_email_screen.dart
DA:12,0
DA:14,0
DA:16,0
DA:18,0
DA:19,0
DA:21,0
DA:22,0
DA:23,0
DA:24,0
DA:25,0
DA:26,0
LF:11
LH:0
end_of_record
SF:lib/modules/authentication/presenter/forgot_password/controllers/forget_password_controller.dart
DA:13,0
DA:21,0
DA:24,0
DA:28,0
DA:30,0
DA:35,0
DA:36,0
DA:41,0
DA:44,0
DA:47,0
DA:52,0
DA:54,0
DA:55,0
DA:60,0
DA:63,0
DA:67,0
DA:69,0
DA:74,0
DA:77,0
DA:80,0
DA:84,0
DA:85,0
LF:22
LH:0
end_of_record
SF:lib/modules/authentication/presenter/forgot_password/pages/reset_password_screen.dart
DA:12,0
DA:14,0
DA:16,0
DA:17,0
DA:20,0
DA:23,0
DA:24,0
DA:25,0
LF:8
LH:0
end_of_record
SF:lib/modules/authentication/presenter/forgot_password/pages/forgot_password.dart
DA:15,1
DA:17,0
DA:19,0
DA:21,0
DA:22,0
DA:23,0
DA:24,0
DA:25,0
DA:27,0
DA:29,0
DA:30,0
DA:31,0
DA:32,0
DA:33,0
DA:34,0
DA:37,0
DA:38,0
DA:39,0
DA:40,0
DA:41,0
DA:43,0
DA:48,0
DA:49,0
DA:50,0
DA:51,0
LF:25
LH:1
end_of_record
SF:lib/widgets/verification_screens/verification.dart
DA:18,0
DA:30,0
DA:32,0
DA:33,0
DA:35,0
DA:37,0
DA:38,0
DA:40,0
DA:41,0
DA:43,0
DA:44,0
DA:45,0
DA:46,0
DA:49,0
DA:50,0
DA:52,0
DA:53,0
DA:55,0
DA:56,0
DA:57,0
DA:58,0
DA:60,0
DA:61,0
DA:64,0
DA:65,0
DA:66,0
DA:67,0
DA:70,0
DA:71,0
DA:72,0
DA:73,0
LF:31
LH:0
end_of_record
SF:lib/modules/authentication/presenter/login/controllers/login_controller.dart
DA:14,0
DA:27,0
DA:29,0
DA:30,0
DA:31,0
DA:35,0
DA:38,0
DA:42,0
DA:44,0
DA:49,0
DA:51,0
DA:53,0
DA:58,0
DA:59,0
DA:60,0
DA:64,0
DA:65,0
DA:66,0
DA:70,0
DA:73,0
DA:76,0
DA:81,0
DA:87,0
DA:89,0
DA:94,0
DA:97,0
DA:103,0
DA:108,0
LF:28
LH:0
end_of_record
SF:lib/widgets/dividers/form_divider.dart
DA:9,0
DA:11,0
DA:13,0
DA:15,0
DA:17,0
DA:18,0
DA:19,0
DA:27,0
DA:30,0
DA:31,0
DA:32,0
LF:11
LH:0
end_of_record
SF:lib/widgets/icons/image_circular.dart
DA:9,0
DA:15,0
DA:17,0
DA:18,0
DA:19,0
DA:20,0
DA:22,0
DA:23,0
DA:24,0
DA:27,0
LF:10
LH:0
end_of_record
SF:lib/modules/authentication/presenter/login/widgets/header.dart
DA:11,1
DA:13,0
DA:15,0
DA:17,0
DA:18,0
DA:21,0
DA:24,0
DA:25,0
DA:26,0
DA:27,0
LF:10
LH:1
end_of_record
SF:lib/modules/authentication/presenter/login/widgets/login_form.dart
DA:19,1
DA:21,0
DA:23,0
DA:25,0
DA:26,0
DA:27,0
DA:28,0
DA:30,0
DA:31,0
DA:32,0
DA:34,0
DA:38,0
DA:39,0
DA:40,0
DA:41,0
DA:42,0
DA:44,0
DA:45,0
DA:46,0
DA:47,0
DA:49,0
DA:53,0
DA:54,0
DA:56,0
DA:57,0
DA:58,0
DA:59,0
DA:60,0
DA:65,0
DA:66,0
DA:67,0
DA:70,0
DA:73,0
DA:74,0
DA:75,0
DA:76,0
DA:79,0
DA:80,0
DA:81,0
LF:39
LH:1
end_of_record
SF:lib/widgets/checkbox_and_radio/checkbox.dart
DA:11,0
DA:18,0
DA:20,0
DA:21,0
DA:23,0
DA:24,0
DA:26,0
DA:28,0
LF:8
LH:0
end_of_record
SF:lib/modules/authentication/presenter/register/pages/register_screen.dart
DA:14,1
DA:16,0
DA:18,0
DA:20,0
DA:21,0
DA:23,0
DA:25,0
DA:27,0
DA:28,0
DA:29,0
DA:30,0
DA:35,0
DA:38,0
DA:39,0
DA:40,0
DA:41,0
DA:44,0
DA:46,0
DA:48,0
DA:49,0
DA:51,0
DA:52,0
DA:55,0
DA:56,0
DA:58,0
LF:25
LH:1
end_of_record
SF:lib/modules/authentication/presenter/onboarding/controllers/onboarding_controller.dart
DA:9,0
DA:16,0
DA:19,0
DA:20,0
DA:21,0
DA:25,0
DA:26,0
DA:27,0
DA:28,0
DA:29,0
DA:31,0
DA:32,0
DA:41,0
DA:42,0
DA:43,0
LF:15
LH:0
end_of_record
SF:lib/modules/authentication/presenter/onboarding/widgets/next_button.dart
DA:13,0
DA:15,0
DA:17,0
DA:20,0
DA:22,0
DA:23,0
DA:24,0
DA:25,0
LF:8
LH:0
end_of_record
SF:lib/modules/authentication/presenter/onboarding/widgets/skip_button.dart
DA:10,0
DA:12,0
DA:14,0
DA:17,0
DA:18,0
DA:22,0
DA:23,0
LF:7
LH:0
end_of_record
SF:lib/modules/authentication/presenter/onboarding/widgets/slider_image.dart
DA:10,0
DA:17,0
DA:19,0
DA:20,0
DA:21,0
DA:23,0
DA:24,0
DA:25,0
DA:26,0
DA:27,0
DA:29,0
DA:30,0
DA:32,0
DA:33,0
DA:35,0
LF:15
LH:0
end_of_record
SF:lib/modules/authentication/presenter/onboarding/widgets/smooth_navigation.dart
DA:11,0
DA:13,0
DA:15,0
DA:16,0
DA:18,0
DA:19,0
DA:21,0
DA:22,0
DA:24,0
LF:9
LH:0
end_of_record
SF:lib/widgets/icons/circular.dart
DA:15,1
DA:27,0
DA:29,0
DA:30,0
DA:31,0
DA:32,0
DA:33,0
DA:34,0
DA:35,0
DA:36,0
DA:37,0
DA:38,0
DA:40,0
DA:44,0
DA:45,0
LF:15
LH:1
end_of_record
SF:lib/modules/authentication/presenter/register/controllers/email_verification_controller.dart
DA:12,0
DA:16,0
DA:18,0
DA:19,0
DA:20,0
DA:24,0
DA:27,0
DA:30,0
DA:35,0
DA:40,0
DA:41,0
DA:42,0
DA:44,0
DA:47,0
DA:48,0
DA:50,0
DA:53,0
DA:58,0
DA:59,0
DA:66,0
DA:68,0
DA:69,0
DA:71,0
DA:72,0
DA:77,0
DA:83,0
DA:85,0
DA:86,0
LF:28
LH:0
end_of_record
SF:lib/widgets/texts/rich_text.dart
DA:13,1
DA:21,1
DA:23,1
DA:24,2
DA:25,1
DA:26,2
DA:27,3
DA:29,1
DA:30,1
DA:31,1
DA:32,1
DA:34,3
DA:36,3
LF:13
LH:13
end_of_record
SF:lib/modules/shop/favourite/favourite_page.dart
DA:15,1
DA:17,0
DA:19,0
DA:20,0
DA:22,0
DA:23,0
DA:24,0
DA:27,0
DA:29,0
DA:30,0
DA:32,0
LF:11
LH:1
end_of_record
SF:lib/modules/shop/home/presenter/ui/home.dart
DA:19,1
DA:21,0
DA:23,0
DA:24,0
DA:26,0
DA:27,0
DA:28,0
DA:30,0
DA:31,0
DA:32,0
DA:34,0
DA:37,0
DA:38,0
DA:40,0
DA:43,0
DA:57,0
DA:60,0
DA:61,0
DA:63,0
DA:64,0
DA:67,0
DA:69,0
DA:70,0
LF:23
LH:1
end_of_record
SF:lib/modules/shop/stores/product/product_screen.dart
DA:13,1
DA:15,0
DA:17,0
DA:18,0
DA:19,0
DA:20,0
DA:21,0
DA:24,0
DA:25,0
DA:26,0
LF:10
LH:1
end_of_record
SF:lib/modules/shop/checkout/presenter/ui/checkout.dart
DA:21,1
DA:23,0
DA:25,0
DA:27,0
DA:28,0
DA:30,0
DA:31,0
DA:34,0
DA:38,0
DA:41,0
DA:43,0
DA:44,0
DA:45,0
DA:46,0
DA:49,0
DA:53,0
DA:57,0
DA:61,0
DA:65,0
DA:70,0
DA:72,0
DA:74,0
DA:79,0
LF:23
LH:1
end_of_record
SF:lib/widgets/products/cards/coupon.dart
DA:13,1
DA:17,0
DA:19,0
DA:21,0
DA:22,0
DA:23,0
DA:24,0
DA:26,0
DA:27,0
DA:40,0
DA:42,0
DA:43,0
DA:44,0
DA:45,0
DA:47,0
LF:15
LH:1
end_of_record
SF:lib/modules/shop/checkout/presenter/ui/widgets/billing_address.dart
DA:9,1
DA:11,0
DA:13,0
DA:15,0
DA:22,0
DA:23,0
DA:26,0
DA:27,0
DA:28,0
DA:29,0
DA:31,0
DA:32,0
DA:36,0
DA:39,0
DA:40,0
DA:41,0
DA:42,0
DA:44,0
DA:45,0
DA:47,0
DA:53,0
LF:21
LH:1
end_of_record
SF:lib/modules/shop/checkout/presenter/ui/widgets/billing_amount.dart
DA:9,1
DA:11,0
DA:13,0
DA:14,0
DA:16,0
DA:18,0
DA:19,0
DA:23,0
DA:26,0
DA:28,0
DA:29,0
DA:33,0
DA:36,0
DA:38,0
DA:39,0
DA:43,0
DA:46,0
DA:48,0
DA:49,0
DA:53,0
LF:20
LH:1
end_of_record
SF:lib/modules/shop/checkout/presenter/ui/widgets/billing_payment.dart
DA:11,1
DA:13,0
DA:15,0
DA:16,0
DA:23,0
DA:26,0
DA:27,0
DA:28,0
DA:30,0
DA:31,0
DA:34,0
DA:40,0
DA:41,0
DA:45,0
LF:14
LH:1
end_of_record
SF:lib/modules/shop/checkout/presenter/ui/widgets/checkout_item_card.dart
DA:16,1
DA:18,0
DA:20,0
DA:22,0
DA:24,0
DA:26,0
DA:28,0
DA:31,0
DA:32,0
DA:35,0
DA:38,0
DA:39,0
DA:42,0
DA:48,0
DA:49,0
DA:50,0
DA:51,0
DA:52,0
DA:53,0
DA:56,0
DA:59,0
DA:60,0
DA:62,0
DA:64,0
DA:65,0
DA:69,0
DA:70,0
LF:27
LH:1
end_of_record
SF:lib/widgets/products/widgets/price.dart
DA:13,7
DA:24,0
DA:26,0
DA:27,0
DA:28,0
DA:29,0
DA:31,0
DA:32,0
DA:34,0
DA:36,0
DA:38,0
LF:11
LH:1
end_of_record
SF:lib/widgets/images/rounded.dart
DA:15,1
DA:29,0
DA:31,0
DA:32,0
DA:33,0
DA:34,0
DA:35,0
DA:36,0
DA:37,0
DA:38,0
DA:39,0
DA:40,0
DA:42,0
DA:43,0
DA:44,0
DA:45,0
DA:46,0
DA:47,0
LF:18
LH:1
end_of_record
SF:lib/widgets/products/cards/add_and_remove_products.dart
DA:16,0
DA:29,0
DA:31,0
DA:33,0
DA:35,0
DA:36,0
DA:37,0
DA:38,0
DA:40,0
DA:41,0
DA:45,0
DA:48,0
DA:49,0
DA:50,0
DA:51,0
DA:53,0
DA:54,0
LF:17
LH:0
end_of_record
SF:lib/widgets/products/widgets/title.dart
DA:12,6
DA:21,0
DA:23,0
DA:24,0
DA:25,0
DA:26,0
DA:28,0
LF:7
LH:1
end_of_record
SF:lib/widgets/texts/brand_title_with_verify_icon.dart
DA:17,6
DA:27,0
DA:29,0
DA:31,0
DA:33,0
DA:34,0
DA:35,0
DA:36,0
DA:37,0
DA:38,0
DA:39,0
DA:40,0
LF:12
LH:1
end_of_record
SF:lib/widgets/gridviews/grid_view.dart
DA:10,0
DA:17,0
DA:19,0
DA:20,0
DA:24,0
DA:28,0
DA:30,0
LF:7
LH:0
end_of_record
SF:lib/widgets/products/cards/product_card_vertical.dart
DA:21,4
DA:26,0
DA:28,0
DA:29,0
DA:30,0
DA:33,0
DA:34,0
DA:35,0
DA:36,0
DA:37,0
DA:39,0
DA:42,0
DA:44,0
DA:46,0
DA:47,0
DA:48,0
DA:49,0
DA:51,0
DA:53,0
DA:58,0
DA:60,0
DA:62,0
DA:63,0
DA:64,0
DA:69,0
DA:72,0
DA:74,0
DA:82,0
DA:83,0
DA:86,0
DA:91,0
DA:99,0
DA:101,0
DA:105,0
DA:127,0
LF:35
LH:1
end_of_record
SF:lib/modules/shop/home/data/models/category_model.dart
DA:18,0
DA:27,0
DA:28,0
DA:31,0
DA:32,0
DA:33,0
DA:34,0
DA:35,0
DA:36,0
DA:39,0
DA:44,0
LF:11
LH:0
end_of_record
SF:lib/modules/shop/home/data/models/category_model.g.dart
DA:9,0
DA:10,0
DA:11,0
DA:12,0
DA:13,0
DA:14,0
DA:15,0
DA:18,0
DA:19,0
DA:20,0
DA:21,0
DA:22,0
DA:23,0
DA:24,0
LF:14
LH:0
end_of_record
SF:lib/modules/shop/home/data/repository/category_repository.dart
DA:13,0
DA:19,0
DA:21,0
DA:22,0
DA:24,0
DA:25,0
DA:26,0
DA:27,0
DA:28,0
DA:30,0
DA:31,0
DA:33,0
DA:38,0
DA:41,0
DA:42,0
DA:43,0
DA:44,0
DA:45,0
DA:46,0
DA:47,0
DA:49,0
DA:50,0
DA:52,0
DA:57,0
DA:59,0
DA:60,0
DA:61,0
DA:62,0
DA:63,0
DA:64,0
DA:66,0
DA:67,0
DA:69,0
LF:33
LH:0
end_of_record
SF:lib/modules/shop/home/presenter/controllers/categories_controller.dart
DA:8,0
DA:16,0
DA:18,0
DA:19,0
DA:23,0
DA:26,0
DA:29,0
DA:32,0
DA:35,0
DA:36,0
DA:37,0
DA:38,0
DA:40,0
DA:42,0
LF:14
LH:0
end_of_record
SF:lib/widgets/carousel/carousel.dart
DA:15,1
DA:20,0
DA:22,0
DA:24,0
DA:25,0
DA:27,0
DA:28,0
DA:30,0
DA:32,0
DA:33,0
DA:34,0
DA:36,0
DA:40,0
DA:43,0
DA:45,0
DA:46,0
DA:47,0
DA:50,0
LF:18
LH:1
end_of_record
SF:lib/widgets/search_bar/search.dart
DA:13,0
DA:21,0
DA:23,0
DA:24,0
DA:25,0
DA:26,0
DA:27,0
DA:32,0
DA:33,0
DA:34,0
DA:36,0
DA:37,0
LF:12
LH:0
end_of_record
SF:lib/modules/shop/home/presenter/ui/widgets/categories.dart
DA:14,1
DA:16,0
DA:18,0
DA:20,0
DA:22,0
DA:24,0
DA:25,0
DA:26,0
DA:27,0
DA:30,0
DA:32,0
DA:35,0
DA:36,0
DA:37,0
DA:39,0
DA:45,0
DA:47,0
DA:48,0
DA:50,0
DA:51,0
DA:53,0
DA:54,0
DA:55,0
DA:56,0
DA:59,0
LF:25
LH:1
end_of_record
SF:lib/modules/shop/home/presenter/ui/widgets/header.dart
DA:13,1
DA:17,0
DA:19,0
DA:21,0
DA:22,0
DA:24,0
DA:25,0
DA:26,0
DA:27,0
DA:28,0
DA:29,0
DA:30,0
DA:32,0
DA:33,0
DA:34,0
DA:37,0
DA:38,0
DA:39,0
DA:40,0
DA:41,0
DA:42,0
DA:48,0
DA:49,0
DA:51,0
LF:24
LH:1
end_of_record
SF:lib/modules/shop/home/presenter/ui/widgets/view_all_products.dart
DA:13,1
DA:15,0
DA:17,0
DA:19,0
DA:20,0
DA:21,0
DA:22,0
DA:23,0
DA:25,0
DA:26,0
DA:27,0
DA:29,0
DA:31,0
DA:32,0
DA:33,0
DA:35,0
DA:38,0
DA:39,0
DA:43,0
DA:45,0
DA:46,0
LF:21
LH:1
end_of_record
SF:lib/widgets/cards/vertical_image_card.dart
DA:13,0
DA:21,0
DA:23,0
DA:24,0
DA:25,0
DA:27,0
DA:29,0
DA:34,0
DA:36,0
DA:37,0
DA:41,0
LF:11
LH:0
end_of_record
SF:lib/modules/shop/home/presenter/ui/widgets/category_shimmer.dart
DA:9,0
DA:14,0
DA:16,0
DA:18,0
DA:19,0
DA:21,0
DA:22,0
DA:23,0
DA:25,0
DA:27,0
DA:28,0
DA:31,0
LF:12
LH:0
end_of_record
SF:lib/modules/shop/home/presenter/ui/widgets/sub_categories.dart
DA:13,1
DA:15,0
DA:17,0
DA:19,0
DA:20,0
DA:21,0
DA:22,0
DA:23,0
DA:26,0
DA:29,0
DA:32,0
DA:36,0
DA:38,0
DA:41,0
DA:42,0
DA:45,0
DA:48,0
DA:51,0
DA:55,0
DA:57,0
DA:60,0
DA:61,0
DA:64,0
DA:67,0
DA:70,0
DA:74,0
DA:76,0
DA:79,0
DA:80,0
DA:83,0
LF:30
LH:1
end_of_record
SF:lib/widgets/icons/cart_counter.dart
DA:11,0
DA:18,0
DA:20,0
DA:21,0
DA:22,0
DA:23,0
DA:25,0
DA:28,0
DA:29,0
DA:30,0
DA:32,0
LF:11
LH:0
end_of_record
SF:lib/modules/shop/shopping_cart/shopping_card.dart
DA:12,1
DA:14,0
DA:16,0
DA:24,0
DA:26,0
DA:28,0
LF:6
LH:1
end_of_record
SF:lib/widgets/products/cards/product_card_horizontal.dart
DA:22,1
DA:27,0
DA:29,0
DA:30,0
DA:31,0
DA:33,0
DA:34,0
DA:35,0
DA:36,0
DA:38,0
DA:40,0
DA:42,0
DA:44,0
DA:45,0
DA:46,0
DA:47,0
DA:49,0
DA:52,0
DA:57,0
DA:59,0
DA:61,0
DA:62,0
DA:63,0
DA:68,0
DA:71,0
DA:74,0
DA:82,0
DA:84,0
DA:86,0
DA:91,0
DA:99,0
DA:102,0
DA:107,0
DA:129,0
LF:34
LH:1
end_of_record
SF:lib/modules/shop/orders/widgets/order_item_card.dart
DA:11,1
DA:15,0
DA:17,0
DA:20,0
DA:21,0
DA:23,0
DA:24,0
DA:25,0
DA:27,0
DA:28,0
DA:30,0
DA:32,0
DA:36,0
DA:38,0
DA:43,0
DA:45,0
DA:47,0
DA:51,0
DA:53,0
DA:54,0
DA:55,0
DA:57,0
DA:58,0
DA:60,0
DA:64,0
DA:66,0
DA:73,0
DA:74,0
DA:77,0
DA:78,0
DA:80,0
DA:84,0
DA:86,0
LF:33
LH:1
end_of_record
SF:lib/modules/shop/reviews/product_detail/product_reviews_screen.dart
DA:13,1
DA:15,0
DA:17,0
DA:22,0
DA:24,0
DA:25,0
DA:27,0
DA:31,0
DA:36,0
LF:9
LH:1
end_of_record
SF:lib/widgets/products/ratings/raitingbar_indicator.dart
DA:9,2
DA:11,0
DA:13,0
DA:16,0
DA:17,0
LF:5
LH:1
end_of_record
SF:lib/widgets/products/widgets/user_reviews_card.dart
DA:12,1
DA:16,0
DA:18,0
DA:20,0
DA:22,0
DA:27,0
DA:29,0
DA:31,0
DA:35,0
DA:40,0
DA:41,0
DA:42,0
DA:43,0
DA:46,0
DA:49,0
DA:55,0
DA:56,0
DA:58,0
DA:61,0
DA:62,0
DA:63,0
DA:64,0
DA:65,0
DA:66,0
DA:67,0
DA:69,0
DA:71,0
DA:72,0
DA:75,0
DA:76,0
DA:82,0
DA:83,0
LF:32
LH:1
end_of_record
SF:lib/modules/shop/reviews/product_detail/widgets/overral_product_ratting.dart
DA:9,1
DA:11,0
DA:13,0
DA:16,0
DA:18,0
DA:20,0
LF:6
LH:1
end_of_record
SF:lib/modules/shop/reviews/product_detail/widgets/rating_progress_indicator.dart
DA:10,1
DA:17,0
DA:19,0
DA:20,0
DA:22,0
DA:25,0
DA:27,0
DA:28,0
DA:29,0
DA:30,0
DA:33,0
LF:11
LH:1
end_of_record
SF:lib/modules/shop/shopping_cart/widgets/item_card.dart
DA:16,1
DA:21,0
DA:23,0
DA:25,0
DA:27,0
DA:29,0
DA:31,0
DA:34,0
DA:35,0
DA:38,0
DA:41,0
DA:42,0
DA:45,0
DA:51,0
DA:52,0
DA:53,0
DA:54,0
DA:55,0
DA:56,0
DA:59,0
DA:62,0
DA:63,0
DA:65,0
DA:67,0
DA:68,0
DA:72,0
DA:73,0
LF:27
LH:1
end_of_record
SF:lib/modules/shop/stores/product/category_tab.dart
DA:12,1
DA:14,0
DA:16,0
DA:19,0
DA:20,0
DA:22,0
DA:23,0
DA:41,0
DA:44,0
DA:45,0
DA:48,0
DA:49,0
LF:12
LH:1
end_of_record
SF:lib/widgets/products/brand_showcase.dart
DA:12,1
DA:17,0
DA:19,0
DA:25,0
DA:26,0
DA:31,0
DA:32,0
DA:33,0
DA:34,0
DA:35,0
DA:38,0
DA:45,0
DA:46,0
DA:48,0
DA:51,0
LF:15
LH:1
end_of_record
SF:lib/modules/shop/stores/product/featured_brands.dart
DA:13,1
DA:15,0
DA:17,0
DA:19,0
DA:22,0
DA:25,0
DA:28,0
DA:30,0
DA:31,0
DA:34,0
DA:37,0
DA:38,0
DA:40,0
DA:41,0
DA:44,0
DA:47,0
DA:48,0
DA:50,0
LF:18
LH:1
end_of_record
SF:lib/widgets/appbar/tabbar.dart
DA:10,1
DA:15,0
DA:18,0
DA:20,0
DA:21,0
DA:22,0
DA:26,0
DA:27,0
LF:8
LH:1
end_of_record
SF:lib/widgets/products/brand_card.dart
DA:15,1
DA:21,0
DA:23,0
DA:24,0
DA:27,0
DA:28,0
DA:31,0
DA:33,0
DA:35,0
DA:36,0
DA:39,0
DA:44,0
DA:45,0
DA:48,0
DA:53,0
DA:56,0
LF:16
LH:1
end_of_record
SF:lib/modules/shop/stores/product_detail/product_detail_screen.dart
DA:17,2
DA:19,0
DA:21,0
DA:22,0
DA:23,0
DA:24,0
DA:29,0
DA:31,0
DA:32,0
DA:43,0
DA:44,0
DA:47,0
DA:59,0
DA:60,0
DA:62,0
DA:63,0
DA:66,0
DA:68,0
LF:18
LH:1
end_of_record
SF:lib/widgets/products/bottom_add_to_card.dart
DA:10,1
DA:12,0
DA:14,0
DA:16,0
DA:17,0
DA:22,0
DA:24,0
DA:26,0
DA:28,0
DA:29,0
DA:33,0
DA:34,0
DA:39,0
LF:13
LH:1
end_of_record
SF:lib/modules/shop/stores/product_detail/widgets/meta_data.dart
DA:16,1
DA:18,0
DA:20,0
DA:22,0
DA:23,0
DA:24,0
DA:26,0
DA:28,0
DA:30,0
DA:32,0
DA:36,0
DA:40,0
DA:46,0
DA:48,0
DA:51,0
DA:52,0
DA:55,0
DA:56,0
DA:59,0
DA:62,0
DA:63,0
DA:64,0
DA:67,0
LF:23
LH:1
end_of_record
SF:lib/modules/shop/stores/product_detail/widgets/product_attributes.dart
DA:13,1
DA:15,0
DA:17,0
DA:19,0
DA:21,0
DA:22,0
DA:23,0
DA:24,0
DA:25,0
DA:26,0
DA:27,0
DA:30,0
DA:32,0
DA:34,0
DA:35,0
DA:36,0
DA:41,0
DA:49,0
DA:50,0
DA:55,0
DA:74,0
DA:76,0
DA:77,0
DA:78,0
DA:80,0
DA:83,0
DA:84,0
DA:89,0
DA:91,0
DA:93,0
DA:94,0
DA:96,0
DA:99,0
DA:101,0
DA:104,0
DA:106,0
LF:36
LH:1
end_of_record
SF:lib/modules/shop/stores/product_detail/widgets/product_image_slider.dart
DA:15,1
DA:17,0
DA:19,0
DA:20,0
DA:21,0
DA:22,0
DA:24,0
DA:26,0
DA:28,0
DA:30,0
DA:34,0
DA:37,0
DA:39,0
DA:44,0
DA:45,0
DA:47,0
DA:49,0
DA:50,0
DA:51,0
DA:59,0
DA:61,0
DA:62,0
LF:22
LH:1
end_of_record
SF:lib/modules/shop/stores/product_detail/widgets/raiting_and_share.dart
DA:9,1
DA:11,0
DA:13,0
DA:15,0
DA:16,0
DA:17,0
DA:19,0
DA:20,0
DA:21,0
DA:22,0
DA:23,0
DA:30,0
DA:32,0
LF:13
LH:1
end_of_record
SF:lib/widgets/chips/choice_chip.dart
DA:12,0
DA:20,0
DA:22,0
DA:24,0
DA:25,0
DA:26,0
DA:27,0
DA:28,0
DA:29,0
DA:33,0
LF:10
LH:0
end_of_record
SF:lib/modules/shop/widgets/circular_image_icon.dart
DA:14,0
DA:21,0
DA:23,0
DA:24,0
DA:25,0
DA:26,0
DA:27,0
DA:29,0
DA:30,0
DA:31,0
DA:32,0
DA:33,0
DA:35,0
LF:13
LH:0
end_of_record
SF:lib/widgets/loaders/animation_loader.dart
DA:15,0
DA:24,0
DA:26,0
DA:27,0
DA:29,0
DA:30,0
DA:31,0
DA:32,0
DA:33,0
DA:34,0
DA:37,0
DA:38,0
DA:39,0
DA:41,0
LF:14
LH:0
end_of_record
SF:lib/widgets/carousel/controller.dart
DA:4,0
DA:10,0
LF:2
LH:0
end_of_record
SF:lib/widgets/clippers/footer.dart
DA:5,0
DA:7,0
DA:8,0
DA:10,0
DA:11,0
DA:12,0
DA:14,0
DA:15,0
DA:16,0
DA:18,0
DA:19,0
DA:20,0
DA:22,0
DA:24,0
DA:28,0
LF:15
LH:0
end_of_record
SF:lib/widgets/clippers/header.dart
DA:13,0
DA:19,0
DA:21,0
DA:22,0
DA:23,0
DA:24,0
DA:26,0
DA:27,0
DA:28,0
DA:29,0
DA:30,0
DA:31,0
DA:32,0
LF:13
LH:0
end_of_record
SF:lib/widgets/texts/brand_title.dart
DA:13,0
DA:22,0
DA:24,0
DA:25,0
DA:26,0
DA:28,0
DA:29,0
DA:30,0
DA:31,0
DA:32,0
DA:33,0
DA:34,0
LF:12
LH:0
end_of_record
